<?xml version="1.0" encoding="UTF-8"?>
<!-- Generated by org.testng.reporters.JUnitReportReporter -->
<testsuite hostname="sys121" failures="0" tests="4" name="SitePortal.page" time="127.610" errors="0" timestamp="2024-04-12T14:39:15 IST" skipped="0">
  <testcase classname="SitePortal.page" name="pagecreation" time="48.294"/>
  <testcase classname="SitePortal.page" name="pagetest" time="39.056"/>
  <testcase classname="SitePortal.page" name="movetomenu" time="26.706"/>
  <testcase classname="SitePortal.page" name="login" time="13.554"/>
</testsuite> <!-- SitePortal.page -->
