<?xml version="1.0" encoding="UTF-8"?>
<!-- Generated by org.testng.reporters.JUnitReportReporter -->
<testsuite hostname="sys121" failures="0" tests="1" name="CollegeTest.CollegeLogin" time="39.849" errors="0" timestamp="2024-05-09T16:07:57 IST" skipped="0">
  <testcase classname="CollegeTest.CollegeLogin" name="IDcard" time="39.849"/>
</testsuite> <!-- CollegeTest.CollegeLogin -->
