<?xml version="1.0" encoding="UTF-8"?>
<!-- Generated by org.testng.reporters.JUnitReportReporter -->
<testsuite hostname="sys121" failures="0" tests="1" name="DigitalLibrary.D" time="10.406" errors="0" timestamp="2024-04-29T16:50:28 IST" skipped="0">
  <testcase classname="DigitalLibrary.D" name="add" time="10.406"/>
</testsuite> <!-- DigitalLibrary.D -->
