<?xml version="1.0" encoding="UTF-8"?>
<!-- Generated by org.testng.reporters.JUnitReportReporter -->
<testsuite hostname="sys121" failures="0" tests="1" name="DigitalLibrary.AddEbook" time="58.861" errors="0" timestamp="2024-06-28T11:43:26 IST" skipped="0">
  <testcase classname="DigitalLibrary.AddEbook" name="test" time="58.861"/>
</testsuite> <!-- DigitalLibrary.AddEbook -->
